Traceback (most recent call last):
  File "/opt/hostedtoolcache/Python/3.14.4/x64/lib/python3.14/site-packages/jupyter_cache/executors/utils.py", line 58, in single_nb_execution
    executenb(
    ~~~~~~~~~^
        nb,
        ^^^
    ...<4 lines>...
        **kwargs,
        ^^^^^^^^^
    )
    ^
  File "/opt/hostedtoolcache/Python/3.14.4/x64/lib/python3.14/site-packages/nbclient/client.py", line 1323, in execute
    return NotebookClient(nb=nb, resources=resources, km=km, **kwargs).execute()
           ~~~~~~~~~~~~~~~~~~~~~~~~~~~~~~~~~~~~~~~~~~~~~~~~~~~~~~~~~~~~~~~~~~~^^
  File "/opt/hostedtoolcache/Python/3.14.4/x64/lib/python3.14/site-packages/jupyter_core/utils/__init__.py", line 165, in wrapped
    return loop.run_until_complete(inner)
           ~~~~~~~~~~~~~~~~~~~~~~~^^^^^^^
  File "/opt/hostedtoolcache/Python/3.14.4/x64/lib/python3.14/asyncio/base_events.py", line 719, in run_until_complete
    return future.result()
           ~~~~~~~~~~~~~^^
  File "/opt/hostedtoolcache/Python/3.14.4/x64/lib/python3.14/site-packages/nbclient/client.py", line 709, in async_execute
    await self.async_execute_cell(
        cell, index, execution_count=self.code_cells_executed + 1
    )
  File "/opt/hostedtoolcache/Python/3.14.4/x64/lib/python3.14/site-packages/nbclient/client.py", line 1062, in async_execute_cell
    await self._check_raise_for_error(cell, cell_index, exec_reply)
  File "/opt/hostedtoolcache/Python/3.14.4/x64/lib/python3.14/site-packages/nbclient/client.py", line 918, in _check_raise_for_error
    raise CellExecutionError.from_cell_and_msg(cell, exec_reply_content)
nbclient.exceptions.CellExecutionError: An error occurred while executing the following cell:
------------------
import numpy as np
import scanpy as sc
from anndata import AnnData
import pandas as pd

from sklearn.preprocessing import OneHotEncoder, LabelEncoder

import matplotlib.pyplot as plt
import seaborn as sns

import pytrance as pt

RANDOM_SEED = 808
------------------


[31m---------------------------------------------------------------------------[39m
[31mModuleNotFoundError[39m                       Traceback (most recent call last)
[36mCell[39m[36m [39m[32mIn[1][39m[32m, line 11[39m
[32m      7[39m 
[32m      8[39m [38;5;28;01mimport[39;00m matplotlib.pyplot [38;5;28;01mas[39;00m plt
[32m      9[39m [38;5;28;01mimport[39;00m seaborn [38;5;28;01mas[39;00m sns
[32m     10[39m 
[32m---> [39m[32m11[39m [38;5;28;01mimport[39;00m pytrance [38;5;28;01mas[39;00m pt
[32m     12[39m 
[32m     13[39m RANDOM_SEED = [32m808[39m

[36mFile [39m[32m~/work/pytrance/pytrance/pytrance/__init__.py:3[39m
[32m      1[39m [33;03m"""pyTrance: subcellular spatial transcriptomics analysis."""[39;00m
[32m----> [39m[32m3[39m [38;5;28;01mfrom[39;00m[38;5;250m [39m[34;01m.[39;00m[34;01mcell_score[39;00m[38;5;250m [39m[38;5;28;01mimport[39;00m clq, clq_pairwise, clq_significance
[32m      4[39m [38;5;28;01mfrom[39;00m[38;5;250m [39m[34;01m.[39;00m[38;5;250m [39m[38;5;28;01mimport[39;00m data
[32m      5[39m [38;5;28;01mfrom[39;00m[38;5;250m [39m[34;01m.[39;00m[34;01mgnn[39;00m[38;5;250m [39m[38;5;28;01mimport[39;00m train_epoch

[36mFile [39m[32m~/work/pytrance/pytrance/pytrance/cell_score.py:11[39m
[32m      8[39m [38;5;28;01mfrom[39;00m[38;5;250m [39m[34;01mscipy[39;00m[34;01m.[39;00m[34;01msparse[39;00m[38;5;250m [39m[38;5;28;01mimport[39;00m spmatrix
[32m      9[39m [38;5;28;01mfrom[39;00m[38;5;250m [39m[34;01mtqdm[39;00m[38;5;250m [39m[38;5;28;01mimport[39;00m tqdm
[32m---> [39m[32m11[39m [38;5;28;01mfrom[39;00m[38;5;250m [39m[34;01m.[39;00m[34;01mutils[39;00m[38;5;250m [39m[38;5;28;01mimport[39;00m get_neighbors
[32m     14[39m [38;5;28;01mdef[39;00m[38;5;250m [39m[34mclq_pairwise[39m(
[32m     15[39m     adata: AnnData,
[32m     16[39m     genes: Sequence[Any],
[32m   (...)[39m[32m     26[39m     **kwargs: Any,
[32m     27[39m ) -> Tuple[Dict, Dict]:
[32m     28[39m [38;5;250m    [39m[33;03m"""Compute co-localization quotient (CLQ) scores between gene pairs.[39;00m
[32m     29[39m 
[32m     30[39m [33;03m    Parameters[39;00m
[32m   (...)[39m[32m     67[39m [33;03m            to aggregated normalized CLQ scores.[39;00m
[32m     68[39m [33;03m    """[39;00m

[36mFile [39m[32m~/work/pytrance/pytrance/pytrance/utils.py:8[39m
[32m      6[39m [38;5;28;01mfrom[39;00m[38;5;250m [39m[34;01mscipy[39;00m[34;01m.[39;00m[34;01msparse[39;00m[38;5;250m [39m[38;5;28;01mimport[39;00m csr_matrix, spmatrix
[32m      7[39m [38;5;28;01mfrom[39;00m[38;5;250m [39m[34;01msklearn[39;00m[34;01m.[39;00m[34;01mneighbors[39;00m[38;5;250m [39m[38;5;28;01mimport[39;00m kneighbors_graph, radius_neighbors_graph
[32m----> [39m[32m8[39m [38;5;28;01mfrom[39;00m[38;5;250m [39m[34;01mtorch[39;00m[38;5;250m [39m[38;5;28;01mimport[39;00m Size, from_numpy, sparse_coo_tensor
[32m     11[39m [38;5;28;01mdef[39;00m[38;5;250m [39m[34mget_neighbors[39m(
[32m     12[39m     cell_df: DataFrame,
[32m     13[39m     radius: [38;5;28mint[39m = [32m2[39m,
[32m   (...)[39m[32m     21[39m     include_self: [38;5;28mbool[39m = [38;5;28;01mFalse[39;00m,
[32m     22[39m ) -> [38;5;28mtuple[39m[csr_matrix, csr_matrix]:
[32m     23[39m [38;5;250m    [39m[33;03m"""Build a spatial neighbor graph from transcript coordinates.[39;00m
[32m     24[39m 
[32m     25[39m [33;03m    Parameters[39;00m
[32m   (...)[39m[32m     55[39m [33;03m        Sparse adjacency matrix in CSR format representing the neighbor graph.[39;00m
[32m     56[39m [33;03m    """[39;00m

[31mModuleNotFoundError[39m: No module named 'torch'

